<?xml version="1.0" encoding="UTF-8"?>
<!-- Generated by org.testng.reporters.JUnitReportReporter -->
<testsuite hostname="UMESH" failures="1" tests="3" name="pages.test.TC_003_HeroTest" time="30.222" errors="0" timestamp="2024-01-20T14:52:13 IST" skipped="2">
  <testcase classname="pages.test.TC_003_HeroTest" name="TC_001_Hero_Test" time="10.190">
    <skipped/>
  </testcase> <!-- TC_001_Hero_Test -->
  <system-out>
    <![CDATA[Entering 'Hero Splender' text in textfox
Selecting first option from suggestion list]]>
  </system-out>
  <testcase classname="pages.test.TC_003_HeroTest" name="TC_001_Hero_Test" time="9.056">
    <skipped/>
  </testcase> <!-- TC_001_Hero_Test -->
  <system-out>
    <![CDATA[Entering 'Hero Splender' text in textfox
Selecting first option from suggestion list]]>
  </system-out>
  <testcase classname="pages.test.TC_003_HeroTest" name="TC_001_Hero_Test" time="10.976">
    <failure message="expected [true] but found [false]" type="java.lang.AssertionError">
      <![CDATA[java.lang.AssertionError: expected [true] but found [false]
at org.testng.Assert.fail(Assert.java:99)
at org.testng.Assert.failNotEquals(Assert.java:1037)
at org.testng.Assert.assertTrue(Assert.java:45)
at org.testng.Assert.assertTrue(Assert.java:55)
at pages.test.TC_003_HeroTest.TC_001_Hero_Test(TC_003_HeroTest.java:21)
at java.base/jdk.internal.reflect.NativeMethodAccessorImpl.invoke0(Native Method)
at java.base/jdk.internal.reflect.NativeMethodAccessorImpl.invoke(NativeMethodAccessorImpl.java:77)
at java.base/jdk.internal.reflect.DelegatingMethodAccessorImpl.invoke(DelegatingMethodAccessorImpl.java:43)
at java.base/java.lang.reflect.Method.invoke(Method.java:568)
at org.testng.internal.MethodInvocationHelper.invokeMethod(MethodInvocationHelper.java:133)
at org.testng.internal.TestInvoker.invokeMethod(TestInvoker.java:598)
at org.testng.internal.TestInvoker.retryFailed(TestInvoker.java:213)
at org.testng.internal.MethodRunner.runInSequence(MethodRunner.java:58)
at org.testng.internal.TestInvoker$MethodInvocationAgent.invoke(TestInvoker.java:824)
at org.testng.internal.TestInvoker.invokeTestMethods(TestInvoker.java:146)
at org.testng.internal.TestMethodWorker.invokeTestMethods(TestMethodWorker.java:146)
at org.testng.internal.TestMethodWorker.run(TestMethodWorker.java:128)
at java.base/java.util.concurrent.ThreadPoolExecutor.runWorker(ThreadPoolExecutor.java:1136)
at java.base/java.util.concurrent.ThreadPoolExecutor$Worker.run(ThreadPoolExecutor.java:635)
at java.base/java.lang.Thread.run(Thread.java:842)
]]>
    </failure>
  </testcase> <!-- TC_001_Hero_Test -->
  <system-out>
    <![CDATA[Entering 'Hero Splender' text in textfox
Selecting first option from suggestion list]]>
  </system-out>
</testsuite> <!-- pages.test.TC_003_HeroTest -->
